<?xml version="1.0" encoding="UTF-8"?>
<testsuite xmlns:xsi="http://www.w3.org/2001/XMLSchema-instance" xsi:noNamespaceSchemaLocation="https://maven.apache.org/surefire/maven-surefire-plugin/xsd/surefire-test-report.xsd" version="3.0.2" name="com.inventario.inventario.service.InventarioServiceTest" time="1.03" tests="17" errors="0" skipped="0" failures="0" flakes="0">
  <properties>
[...]
</properties>
  <testcase name="actualizarInventario_cuandoStockEsNulo_debeLanzarIllegalArgumentException" classname="com.inventario.inventario.service.InventarioServiceTest" time="0.897">
    <system-err><![CDATA[Mockito is currently self-attaching to enable the inline-mock-maker. This will no longer work in future releases of the JDK. Please add Mockito as an agent to your build as described in Mockito's documentation: https://javadoc.io/doc/org.mockito/mockito-core/latest/org.mockito/org/mockito/Mockito.html#0.3
WARNING: A Java agent has been loaded dynamically (C:\Users\alons\.m2\repository\net\bytebuddy\byte-buddy-agent\1.18.10\byte-buddy-agent-1.18.10.jar)
WARNING: If a serviceability tool is in use, please run with -XX:+EnableDynamicAgentLoading to hide this warning
WARNING: If a serviceability tool is not in use, please run with -Djdk.instrument.traceUsage for more information
WARNING: Dynamic loading of agents will be disallowed by default in a future release
]]></system-err>
  </testcase>
  <testcase name="actualizarInventario_cuandoNombreEsVacio_debeLanzarIllegalArgumentException" classname="com.inventario.inventario.service.InventarioServiceTest" time="0.005"/>
  <testcase name="guardarInventario_cuandoYaExiste_debeRetornarEmpty" classname="com.inventario.inventario.service.InventarioServiceTest" time="0.033"/>
  <testcase name="actualizarInventario_cuandoVencimientoEsVacio_debeLanzarIllegalArgumentException" classname="com.inventario.inventario.service.InventarioServiceTest" time="0.004"/>
  <testcase name="eliminarInventarioNombre_cuandoExiste_debeRetornarTrue" classname="com.inventario.inventario.service.InventarioServiceTest" time="0.005"/>
  <testcase name="actualizarInventario_cuandoPrecioEsNulo_debeLanzarIllegalArgumentException" classname="com.inventario.inventario.service.InventarioServiceTest" time="0.002"/>
  <testcase name="buscarPorNombre_cuandoNoExiste_debeRetornarEmpty" classname="com.inventario.inventario.service.InventarioServiceTest" time="0.002"/>
  <testcase name="actualizarInventario_cuandoExisteYDatosValidos_debeRetornarInventarioActualizado" classname="com.inventario.inventario.service.InventarioServiceTest" time="0.01"/>
  <testcase name="actualizarInventario_cuandoFechaEsNula_debeLanzarIllegalArgumentException" classname="com.inventario.inventario.service.InventarioServiceTest" time="0.002"/>
  <testcase name="actualizarInventario_cuandoNoExiste_debeRetornarNull" classname="com.inventario.inventario.service.InventarioServiceTest" time="0.006"/>
  <testcase name="actualizarInventario_cuandoDescripcionEsVacia_debeLanzarIllegalArgumentException" classname="com.inventario.inventario.service.InventarioServiceTest" time="0.003"/>
  <testcase name="buscarPorNombre_cuandoFallaLaConsulta_debeLanzarRuntimeException" classname="com.inventario.inventario.service.InventarioServiceTest" time="0.007">
    <system-err><![CDATA[Error al buscar Inventario por nombre: fallo inesperado
]]></system-err>
  </testcase>
  <testcase name="eliminarInventarioNombre_cuandoFallaLaBaseDeDatos_debeLanzarRuntimeException" classname="com.inventario.inventario.service.InventarioServiceTest" time="0.007">
    <system-err><![CDATA[Error al intentar eliminar inventario en la Base de datos: Error de conexion
]]></system-err>
  </testcase>
  <testcase name="buscarPorNombre_cuandoExiste_debeRetornarInventario" classname="com.inventario.inventario.service.InventarioServiceTest" time="0.003"/>
  <testcase name="guardarInventario_cuandoNoExiste_debeRetornarInventario" classname="com.inventario.inventario.service.InventarioServiceTest" time="0.003"/>
  <testcase name="guardarInventario_cuandoFallaLaBaseDeDatos_debeLanzarRuntimeException" classname="com.inventario.inventario.service.InventarioServiceTest" time="0.004">
    <system-err><![CDATA[Error de base de datos al intentar registrar inventarioError de conexion
]]></system-err>
  </testcase>
  <testcase name="eliminarInventarioNombre_cuandoNoExiste_debeRetornarFalse" classname="com.inventario.inventario.service.InventarioServiceTest" time="0.004"/>
</testsuite>